Flow report for Toplevel_C5G_HEX4_UART
Thu Oct 14 12:40:36 2021
Quartus Prime Version 20.1.1 Build 720 11/11/2020 SJ Lite Edition


---------------------
; Table of Contents ;
---------------------
  1. Legal Notice
  2. Flow Summary
  3. Flow Settings
  4. Flow Non-Default Global Settings
  5. Flow Elapsed Time
  6. Flow OS Summary
  7. Flow Log
  8. Flow Messages
  9. Flow Suppressed Messages



----------------
; Legal Notice ;
----------------
Copyright (C) 2020  Intel Corporation. All rights reserved.
Your use of Intel Corporation's design tools, logic functions 
and other software and tools, and any partner logic 
functions, and any output files from any of the foregoing 
(including device programming or simulation files), and any 
associated documentation or information are expressly subject 
to the terms and conditions of the Intel Program License 
Subscription Agreement, the Intel Quartus Prime License Agreement,
the Intel FPGA IP License Agreement, or other applicable license
agreement, including, without limitation, that your use is for
the sole purpose of programming logic devices manufactured by
Intel and sold by Intel or its authorized distributors.  Please
refer to the applicable agreement for further details, at
https://fpgasoftware.intel.com/eula.



+-------------------------------------------------------------------------------+
; Flow Summary                                                                  ;
+---------------------------------+---------------------------------------------+
; Flow Status                     ; Successful - Thu Oct 14 12:40:23 2021       ;
; Quartus Prime Version           ; 20.1.1 Build 720 11/11/2020 SJ Lite Edition ;
; Revision Name                   ; Toplevel_C5G_HEX4_UART                      ;
; Top-level Entity Name           ; toplevel_c5g_hex4_uart                      ;
; Family                          ; Cyclone V                                   ;
; Device                          ; 5CGXFC5C6F27C7                              ;
; Timing Models                   ; Final                                       ;
; Logic utilization (in ALMs)     ; 1 / 29,080 ( < 1 % )                        ;
; Total registers                 ; 0                                           ;
; Total pins                      ; 69 / 364 ( 19 % )                           ;
; Total virtual pins              ; 0                                           ;
; Total block memory bits         ; 0 / 4,567,040 ( 0 % )                       ;
; Total DSP Blocks                ; 0 / 150 ( 0 % )                             ;
; Total HSSI RX PCSs              ; 0 / 6 ( 0 % )                               ;
; Total HSSI PMA RX Deserializers ; 0 / 6 ( 0 % )                               ;
; Total HSSI TX PCSs              ; 0 / 6 ( 0 % )                               ;
; Total HSSI PMA TX Serializers   ; 0 / 6 ( 0 % )                               ;
; Total PLLs                      ; 0 / 12 ( 0 % )                              ;
; Total DLLs                      ; 0 / 4 ( 0 % )                               ;
+---------------------------------+---------------------------------------------+


+--------------------------------------------+
; Flow Settings                              ;
+-------------------+------------------------+
; Option            ; Setting                ;
+-------------------+------------------------+
; Start date & time ; 10/14/2021 12:39:24    ;
; Main task         ; Compilation            ;
; Revision Name     ; Toplevel_C5G_HEX4_UART ;
+-------------------+------------------------+


+------------------------------------------------------------------------------------------------------------------------------------+
; Flow Non-Default Global Settings                                                                                                   ;
+-------------------------------------+----------------------------------------+---------------+------------------------+------------+
; Assignment Name                     ; Value                                  ; Default Value ; Entity Name            ; Section Id ;
+-------------------------------------+----------------------------------------+---------------+------------------------+------------+
; COMPILER_SIGNATURE_ID               ; 134660532691167.163420796317100        ; --            ; --                     ; --         ;
; MAX_CORE_JUNCTION_TEMP              ; 85                                     ; --            ; --                     ; --         ;
; MIN_CORE_JUNCTION_TEMP              ; 0                                      ; --            ; --                     ; --         ;
; PARTITION_COLOR                     ; -- (Not supported for targeted family) ; --            ; toplevel_c5g_hex4_uart ; Top        ;
; PARTITION_FITTER_PRESERVATION_LEVEL ; -- (Not supported for targeted family) ; --            ; toplevel_c5g_hex4_uart ; Top        ;
; PARTITION_NETLIST_TYPE              ; -- (Not supported for targeted family) ; --            ; toplevel_c5g_hex4_uart ; Top        ;
; POWER_BOARD_THERMAL_MODEL           ; None (CONSERVATIVE)                    ; --            ; --                     ; --         ;
; POWER_PRESET_COOLING_SOLUTION       ; 23 MM HEAT SINK WITH 200 LFPM AIRFLOW  ; --            ; --                     ; --         ;
+-------------------------------------+----------------------------------------+---------------+------------------------+------------+


+--------------------------------------------------------------------------------------------------------------------------+
; Flow Elapsed Time                                                                                                        ;
+----------------------+--------------+-------------------------+---------------------+------------------------------------+
; Module Name          ; Elapsed Time ; Average Processors Used ; Peak Virtual Memory ; Total CPU Time (on all processors) ;
+----------------------+--------------+-------------------------+---------------------+------------------------------------+
; Analysis & Synthesis ; 00:00:16     ; 1.0                     ; 4808 MB             ; 00:00:29                           ;
; Fitter               ; 00:00:31     ; 1.0                     ; 6390 MB             ; 00:00:50                           ;
; Assembler            ; 00:00:09     ; 1.0                     ; 4832 MB             ; 00:00:07                           ;
; Timing Analyzer      ; 00:00:11     ; 1.0                     ; 5133 MB             ; 00:00:09                           ;
; Total                ; 00:01:07     ; --                      ; --                  ; 00:01:35                           ;
+----------------------+--------------+-------------------------+---------------------+------------------------------------+


+------------------------------------------------------------------------------------+
; Flow OS Summary                                                                    ;
+----------------------+------------------+------------+------------+----------------+
; Module Name          ; Machine Hostname ; OS Name    ; OS Version ; Processor type ;
+----------------------+------------------+------------+------------+----------------+
; Analysis & Synthesis ; DESKTOP-F0MFC02  ; Windows 10 ; 10.0       ; x86_64         ;
; Fitter               ; DESKTOP-F0MFC02  ; Windows 10 ; 10.0       ; x86_64         ;
; Assembler            ; DESKTOP-F0MFC02  ; Windows 10 ; 10.0       ; x86_64         ;
; Timing Analyzer      ; DESKTOP-F0MFC02  ; Windows 10 ; 10.0       ; x86_64         ;
+----------------------+------------------+------------+------------+----------------+


------------
; Flow Log ;
------------
quartus_map --read_settings_files=on --write_settings_files=off Toplevel_C5G_HEX4_UART -c Toplevel_C5G_HEX4_UART
quartus_fit --read_settings_files=off --write_settings_files=off Toplevel_C5G_HEX4_UART -c Toplevel_C5G_HEX4_UART
quartus_asm --read_settings_files=off --write_settings_files=off Toplevel_C5G_HEX4_UART -c Toplevel_C5G_HEX4_UART
quartus_sta Toplevel_C5G_HEX4_UART -c Toplevel_C5G_HEX4_UART



